
> realtechee-clone@4.5.0 build
> next build

   ▲ Next.js 15.4.6
   - Environments: .env.production
   - Experiments (use with caution):
     · imgOptConcurrency: 1
     · imgOptMaxInputPixels: 50000000
     · imgOptTimeoutInSeconds: 30

   Creating an optimized production build ...
 ✓ Compiled successfully in 13.0s
   Linting and checking validity of types ...
   Collecting page data ...
RealTechee | INFO | LeadScoringService | Lead scoring weights initialized {
  dataCompleteness: 0.2,
  sourceQuality: 0.18,
  engagementLevel: 0.17,
  budgetAlignment: 0.15,
  projectComplexity: 0.12,
  geographicFit: 0.1,
  urgencyIndicators: 0.08
}
RealTechee | INFO | LeadScoringService | Source performance metrics initialized { sources: 4 }
RealTechee | INFO | LeadLifecycleService | Lead lifecycle rules initialized {
  expirationEnabled: true,
  expirationDays: 14,
  warningDays: 3,
  autoArchiveExpired: true,
  reactivationEnabled: true,
  maxReactivations: 3,
  customRulesBySource: {
    'Equity Union': { expirationDays: 21 },
    Referral: { expirationDays: 30 },
    E2E_TEST: { expirationEnabled: false }
  }
}
RealTechee | INFO | LeadLifecycleService | Archival reasons initialized { count: 12 }
RealTechee | INFO | LeadScoringService | Lead scoring weights initialized {
  dataCompleteness: 0.2,
  sourceQuality: 0.18,
  engagementLevel: 0.17,
  budgetAlignment: 0.15,
  projectComplexity: 0.12,
  geographicFit: 0.1,
  urgencyIndicators: 0.08
}
RealTechee | INFO | LeadScoringService | Source performance metrics initialized { sources: 4 }
RealTechee | INFO | LeadLifecycleService | Lead lifecycle rules initialized {
  expirationEnabled: true,
  expirationDays: 14,
  warningDays: 3,
  autoArchiveExpired: true,
  reactivationEnabled: true,
  maxReactivations: 3,
  customRulesBySource: {
    'Equity Union': { expirationDays: 21 },
    Referral: { expirationDays: 30 },
    E2E_TEST: { expirationEnabled: false }
  }
}
RealTechee | INFO | LeadLifecycleService | Archival reasons initialized { count: 12 }
   Generating static pages (0/35) ...
   Generating static pages (8/35) 
   Generating static pages (17/35) 
   Generating static pages (26/35) 
RealTechee | INFO | LeadScoringService | Lead scoring weights initialized {
  dataCompleteness: 0.2,
  sourceQuality: 0.18,
  engagementLevel: 0.17,
  budgetAlignment: 0.15,
  projectComplexity: 0.12,
  geographicFit: 0.1,
  urgencyIndicators: 0.08
}
RealTechee | INFO | LeadScoringService | Source performance metrics initialized { sources: 4 }
RealTechee | INFO | LeadLifecycleService | Lead lifecycle rules initialized {
  expirationEnabled: true,
  expirationDays: 14,
  warningDays: 3,
  autoArchiveExpired: true,
  reactivationEnabled: true,
  maxReactivations: 3,
  customRulesBySource: {
    'Equity Union': { expirationDays: 21 },
    Referral: { expirationDays: 30 },
    E2E_TEST: { expirationEnabled: false }
  }
}
RealTechee | INFO | LeadLifecycleService | Archival reasons initialized { count: 12 }
 ✓ Generating static pages (35/35)
   Finalizing page optimization ...
   Collecting build traces ...

Route (app)                                   Size  First Load JS
─ ƒ /api/system/env                            0 B        98.8 kB
+ First Load JS shared by all              98.8 kB
  ├ chunks/4bd1b696-9909f507f95988b8.js    54.1 kB
  ├ chunks/6032-f4cf9b15af7c66e4.js        42.5 kB
  └ other shared chunks (total)            2.24 kB

Route (pages)                                 Size  First Load JS
┌ ○ / (1464 ms)                            10.2 kB         407 kB
├   /_app                                      0 B         323 kB
├ ○ /404                                     184 B         323 kB
├ ○ /about (1202 ms)                       7.55 kB         348 kB
├ ○ /admin (1320 ms)                         988 B         386 kB
├ ○ /admin-legacy (1461 ms)                18.6 kB         484 kB
├ ○ /admin/analytics (1379 ms)              128 kB         622 kB
├ ○ /admin/configuration (1321 ms)         2.76 kB         387 kB
├ ƒ /admin/contacts                        4.42 kB         378 kB
├ ƒ /admin/lifecycle                       4.15 kB         528 kB
├ ○ /admin/notification-monitor (1461 ms)  6.12 kB         453 kB
├ ƒ /admin/notifications                   17.4 kB         503 kB
├ ○ /admin/projects (1059 ms)              8.93 kB         614 kB
├ ○ /admin/projects/[id] (1462 ms)         11.1 kB         464 kB
├ ○ /admin/quotes (1055 ms)                7.44 kB         606 kB
├ ○ /admin/quotes/[id] (1320 ms)           8.65 kB         390 kB
├ ○ /admin/requests (1055 ms)              7.67 kB         610 kB
├ ○ /admin/requests/[id] (1056 ms)         43.6 kB         605 kB
├ ƒ /admin/system                          5.55 kB         380 kB
├ ƒ /admin/users                           4.27 kB         378 kB
├ ○ /amplify-test (1199 ms)                1.88 kB         325 kB
├ ƒ /api/media/convert                         0 B         323 kB
├ ƒ /api/notifications/send                    0 B         323 kB
├ ƒ /api/process-signals                       0 B         323 kB
├ ƒ /api/projects/addComment                   0 B         323 kB
├ ƒ /api/test-notifications                    0 B         323 kB
├ ƒ /api/trigger-notification-processor        0 B         323 kB
├ ○ /contact (1196 ms)                     5.05 kB         328 kB
├ ○ /contact/affiliate                     5.48 kB         442 kB
├ ○ /contact/contact-us (1462 ms)          2.53 kB         439 kB
├ ○ /contact/get-estimate                     9 kB         437 kB
├ ○ /contact/get-qualified                 5.79 kB         443 kB
├ ○ /debug (1321 ms)                       5.78 kB         373 kB
├ ○ /debug-s3 (1176 ms)                    1.12 kB         338 kB
├ ○ /login                                 2.76 kB         326 kB
├ ○ /products/architects-and-designers       715 B         351 kB
├ ○ /products/buyers                         699 B         351 kB
├ ○ /products/commercial                     674 B         351 kB
├ ○ /products/kitchen-and-bath               709 B         351 kB
├ ○ /products/sellers                        699 B         351 kB
├ ○ /profile                               2.01 kB         325 kB
├ ○ /project (1179 ms)                     1.99 kB         456 kB
├ ○ /projects (1181 ms)                      561 B         451 kB
├ ○ /settings (1462 ms)                    4.47 kB         374 kB
├ ƒ /sitemap.xml                             251 B         323 kB
├ ○ /style-guide (1308 ms)                 4.78 kB         349 kB
└ ○ /test-notifications (1254 ms)          2.34 kB         325 kB
+ First Load JS shared by all               370 kB
  ├ chunks/framework-f0f34dd321686665.js   44.8 kB
  ├ chunks/main-8d813f25745d560d.js          33 kB
  ├ chunks/pages/_app-437560a7a3b79d18.js   243 kB
  ├ css/b54ac74ea2e3230a.css               47.4 kB
  └ other shared chunks (total)            1.98 kB

○  (Static)   prerendered as static content
ƒ  (Dynamic)  server-rendered on demand

